<?xml version="1.0" encoding="UTF-8"?>
<!-- Generated by org.testng.reporters.JUnitReportReporter -->
<testsuite hostname="DESKTOP-VLHT10O" failures="0" tests="4" name="api.Test.UserTests" time="10.121" errors="0" timestamp="2024-09-02T21:06:47 PDT" skipped="0">
  <testcase classname="api.Test.UserTests" name="Post" time="5.503"/>
  <testcase classname="api.Test.UserTests" name="Get" time="1.193"/>
  <testcase classname="api.Test.UserTests" name="Update" time="2.298"/>
  <testcase classname="api.Test.UserTests" name="Delete" time="1.127"/>
</testsuite> <!-- api.Test.UserTests -->
